(---------------------------------------------------------------------)
(                                                                     )
(    Allegro Netrev Import Logic                                      )
(                                                                     )
(    Drawing          : PROTOGEN.brd                                  )
(    Software Version : 16.6-2015S108                                 )
(    Date/Time        : Sun Aug 01 00:11:04 2021                      )
(                                                                     )
(---------------------------------------------------------------------)


------ Directives ------------

Ripup etch:                  No
Ripup delete first segment:  No
Ripup retain bondwire:       No
Ripup symbols:               Always
Missing symbol has error:    No
DRC update:                  Yes
Schematic directory:         'E:\SOURCE\REPOS\PCB\allegro'
Design Directory:            'E:/SOURCE/REPOS/PCB/allegro'
Old design name:             'E:/SOURCE/REPOS/PCB/allegro/PROTOGEN.brd'
New design name:             'E:/SOURCE/REPOS/PCB/allegro/PROTOGEN.brd'

CmdLine: netrev.exe -y 1 -n -i E:\SOURCE\REPOS\PCB\allegro E:\SOURCE\REPOS\PCB\allegro\PROTOGEN.brd E:\SOURCE\REPOS\PCB\allegro\PROTOGEN.brd

------ Preparing to read pst files ------

Starting to read E:/SOURCE/REPOS/PCB/allegro/pstchip.dat 
   Finished reading E:/SOURCE/REPOS/PCB/allegro/pstchip.dat (00:00:00.04)
Starting to read E:/SOURCE/REPOS/PCB/allegro/pstxprt.dat 
   Finished reading E:/SOURCE/REPOS/PCB/allegro/pstxprt.dat (00:00:00.00)
Starting to read E:/SOURCE/REPOS/PCB/allegro/pstxnet.dat 
   Finished reading E:/SOURCE/REPOS/PCB/allegro/pstxnet.dat (00:00:00.00)

------ Oversights/Warnings/Errors ------


------ Library Paths ------
MODULEPATH =  . 
           D:/Cadence/SPB_16.6/share/local/pcb/modules 

PSMPATH =  . 
           symbols 
           .. 
           ../symbols 
           D:/Cadence/SPB_16.6/share/local/pcb/symbols 
           D:/Cadence/SPB_16.6/share/pcb/pcb_lib/symbols 
           D:/Cadence/SPB_16.6/share/pcb/allegrolib/symbols 
           E:/SPB_Data/CUSTOM_library/SYMBOLS 

PADPATH =  . 
           symbols 
           .. 
           ../symbols 
           D:/Cadence/SPB_16.6/share/local/pcb/padstacks 
           D:/Cadence/SPB_16.6/share/pcb/pcb_lib/symbols 
           D:/Cadence/SPB_16.6/share/pcb/allegrolib/symbols 
           E:/SPB_Data/CUSTOM_library/PADS 


------ Summary Statistics ------


netrev run on Aug 1 0:11:04 2021
   DESIGN NAME : 'PROTOGEN'
   PACKAGING ON Feb 15 2016 19:53:59

   COMPILE 'logic'
   CHECK_PIN_NAMES OFF
   CROSS_REFERENCE OFF
   FEEDBACK OFF
   INCREMENTAL OFF
   INTERFACE_TYPE PHYSICAL
   MAX_ERRORS 500
   MERGE_MINIMUM 5
   NET_NAME_CHARS '#%&()*+-./:=>?@[]^_`|'
   NET_NAME_LENGTH 24
   OVERSIGHTS ON
   REPLACE_CHECK OFF
   SINGLE_NODE_NETS ON
   SPLIT_MINIMUM 0
   SUPPRESS   20
   WARNINGS ON

 No error detected
 No oversight detected
 No warning detected

cpu time      0:01:07
elapsed time  0:00:00

